<?xml version="1.0" encoding="UTF-8"?>
<testng-results skipped="0" failed="0" total="1" passed="1">
  <reporter-output>
  </reporter-output>
  <suite name="Default suite" duration-ms="2817" started-at="2019-03-24T04:37:02Z" finished-at="2019-03-24T04:37:05Z">
    <groups>
      <group name="cucumber">
        <method signature="AbstractTestNGCucumberTests.feature(cucumber.api.testng.CucumberFeatureWrapper)[pri:0, instance:testRunner.testRunner@e25b2fe]" name="feature" class="cucumber.api.testng.AbstractTestNGCucumberTests"/>
      </group> <!-- cucumber -->
    </groups>
    <test name="Default test" duration-ms="2817" started-at="2019-03-24T04:37:02Z" finished-at="2019-03-24T04:37:05Z">
      <class name="testRunner.testRunner">
        <test-method status="PASS" signature="setUpClass()[pri:0, instance:testRunner.testRunner@e25b2fe]" name="setUpClass" is-config="true" duration-ms="1260" started-at="2019-03-24T10:07:02Z" finished-at="2019-03-24T10:07:04Z">
          <reporter-output>
          </reporter-output>
        </test-method> <!-- setUpClass -->
        <test-method status="PASS" signature="feature(cucumber.api.testng.CucumberFeatureWrapper)[pri:0, instance:testRunner.testRunner@e25b2fe]" name="feature" duration-ms="728" started-at="2019-03-24T10:07:04Z" description="Runs Cucumber Feature" data-provider="features" finished-at="2019-03-24T10:07:05Z">
          <params>
            <param index="0">
              <value>
                <![CDATA[Login to QA click academy]]>
              </value>
            </param>
          </params>
          <reporter-output>
          </reporter-output>
        </test-method> <!-- feature -->
        <test-method status="PASS" signature="tearDownClass()[pri:0, instance:testRunner.testRunner@e25b2fe]" name="tearDownClass" is-config="true" duration-ms="11" started-at="2019-03-24T10:07:05Z" finished-at="2019-03-24T10:07:05Z">
          <reporter-output>
          </reporter-output>
        </test-method> <!-- tearDownClass -->
      </class> <!-- testRunner.testRunner -->
    </test> <!-- Default test -->
  </suite> <!-- Default suite -->
</testng-results>
